SF:lib/src/base_modules/errors_management/core_of_module/failure_ui_entity.dart
DA:14,2
DA:30,1
DA:31,4
LF:3
LH:3
end_of_record
SF:lib/src/base_modules/form_fields/form_field_factory.dart
DA:16,0
DA:33,0
DA:45,0
DA:50,0
DA:62,0
DA:67,0
DA:80,0
DA:85,0
DA:98,0
LF:9
LH:0
end_of_record
SF:lib/src/base_modules/form_fields/input_validation/currently_using_validators/password_confirm.dart
DA:9,23
DA:10,23
DA:13,0
DA:16,0
DA:24,0
DA:26,0
DA:27,0
DA:28,0
DA:33,0
DA:34,0
DA:36,0
DA:42,0
DA:45,0
DA:46,0
LF:14
LH:2
end_of_record
SF:lib/src/base_modules/form_fields/input_validation/currently_using_validators/name_input.dart
DA:10,46
DA:13,0
DA:18,0
DA:20,0
DA:21,0
DA:22,0
DA:27,0
DA:28,0
DA:29,0
DA:34,0
LF:10
LH:1
end_of_record
SF:lib/src/base_modules/form_fields/input_validation/currently_using_validators/password__input.dart
DA:9,46
DA:12,0
DA:17,0
DA:19,0
DA:20,0
DA:21,0
DA:26,0
DA:27,0
DA:28,0
DA:33,0
LF:10
LH:1
end_of_record
SF:lib/src/base_modules/form_fields/input_validation/currently_using_validators/email_input.dart
DA:9,46
DA:12,2
DA:16,1
DA:18,1
DA:19,1
DA:20,1
DA:25,2
DA:26,1
DA:27,1
DA:32,4
LF:10
LH:10
end_of_record
SF:lib/src/base_modules/form_fields/input_validation/x_on_forms_submission_status.dart
DA:11,0
DA:12,0
DA:13,0
DA:14,0
DA:15,0
DA:18,0
DA:19,0
DA:20,0
DA:23,0
LF:9
LH:0
end_of_record
SF:lib/src/base_modules/form_fields/shared_form_fields_states/change_password.dart
DA:12,0
DA:29,0
DA:39,0
DA:45,0
DA:46,0
DA:49,0
DA:52,0
DA:54,0
DA:56,0
DA:61,0
DA:70,0
DA:71,0
DA:74,0
DA:75,0
DA:76,0
DA:79,0
DA:80,0
DA:87,0
DA:88,0
DA:89,0
DA:90,0
DA:91,0
DA:92,0
DA:93,0
DA:94,0
LF:25
LH:0
end_of_record
SF:lib/src/base_modules/form_fields/shared_form_fields_states/reset_password.dart
DA:12,0
DA:23,0
DA:30,0
DA:32,0
DA:35,0
DA:38,0
DA:43,0
DA:45,0
DA:46,0
DA:52,0
DA:53,0
LF:11
LH:0
end_of_record
SF:lib/src/base_modules/form_fields/shared_form_fields_states/sign_in.dart
DA:12,0
DA:27,0
DA:36,0
DA:39,0
DA:40,0
DA:43,0
DA:46,0
DA:48,0
DA:53,0
DA:58,0
DA:59,0
DA:62,0
DA:63,0
DA:70,0
DA:71,0
DA:72,0
DA:73,0
DA:74,0
DA:75,0
DA:76,0
LF:20
LH:0
end_of_record
SF:lib/src/base_modules/form_fields/shared_form_fields_states/sign_up.dart
DA:12,0
DA:33,0
DA:45,0
DA:53,0
DA:59,0
DA:62,0
DA:67,0
DA:69,0
DA:71,0
DA:76,0
DA:89,0
DA:90,0
DA:92,0
DA:93,0
DA:95,0
DA:96,0
DA:98,0
DA:99,0
DA:100,0
DA:103,0
DA:104,0
DA:116,0
DA:117,0
DA:118,0
DA:119,0
DA:120,0
DA:121,0
DA:122,0
DA:123,0
DA:124,0
DA:125,0
LF:31
LH:0
end_of_record
SF:lib/src/base_modules/form_fields/utils/focus_nodes_generator.dart
DA:5,0
DA:6,0
LF:2
LH:0
end_of_record
SF:lib/src/base_modules/form_fields/utils/forms_utils.dart
DA:5,0
DA:6,0
DA:18,0
DA:21,0
DA:22,0
DA:23,0
DA:24,0
DA:27,0
DA:28,0
DA:36,0
DA:39,0
DA:40,0
DA:41,0
DA:42,0
DA:43,0
DA:44,0
DA:47,0
DA:48,0
DA:57,0
DA:59,0
DA:60,0
DA:61,0
DA:62,0
DA:63,0
DA:64,0
DA:66,0
DA:67,0
DA:68,0
DA:69,0
DA:70,0
DA:72,0
DA:73,0
DA:74,0
DA:75,0
DA:76,0
DA:78,0
DA:80,0
DA:83,0
DA:84,0
DA:93,0
DA:97,0
DA:98,0
DA:99,0
DA:100,0
DA:101,0
DA:102,0
DA:104,0
DA:105,0
DA:106,0
DA:107,0
DA:108,0
DA:110,0
DA:112,0
DA:115,0
DA:116,0
LF:55
LH:0
end_of_record
SF:lib/src/base_modules/form_fields/utils/use_auth_focus_nodes.dart
DA:8,0
DA:15,0
DA:16,0
DA:17,0
DA:18,0
DA:31,0
DA:32,0
DA:33,0
DA:41,0
DA:43,0
DA:44,0
DA:52,0
DA:53,0
LF:13
LH:0
end_of_record
SF:lib/src/base_modules/form_fields/widgets/app_form_field.dart
DA:18,0
DA:55,0
DA:58,0
DA:60,0
DA:61,0
DA:63,0
DA:64,0
DA:66,0
DA:67,0
DA:68,0
DA:69,0
DA:70,0
DA:71,0
DA:72,0
DA:73,0
DA:74,0
DA:80,0
DA:84,0
DA:85,0
DA:86,0
DA:88,0
DA:89,0
DA:96,0
DA:97,0
DA:98,0
DA:99,0
LF:26
LH:0
end_of_record
SF:lib/src/base_modules/form_fields/widgets/password_visibility_icon.dart
DA:7,0
DA:21,0
DA:24,0
DA:25,0
DA:26,0
LF:5
LH:0
end_of_record
SF:lib/src/base_modules/ui_design/ui_constants/app_icons.dart
DA:54,0
DA:55,0
LF:2
LH:0
end_of_record
SF:lib/src/base_modules/localization/core_of_module/init_localization.dart
DA:16,1
DA:17,0
DA:18,0
DA:20,1
DA:27,0
DA:34,0
DA:35,0
DA:44,0
DA:49,0
LF:9
LH:2
end_of_record
SF:lib/src/base_modules/localization/utils/string_x.dart
DA:12,0
DA:13,0
LF:2
LH:0
end_of_record
SF:lib/src/base_modules/localization/utils/localization_logger.dart
DA:11,0
DA:12,0
DA:16,1
DA:17,3
LF:4
LH:2
end_of_record
SF:lib/src/base_modules/localization/without_localization_case/fallback_keys.dart
DA:19,0
DA:20,0
DA:34,0
LF:3
LH:0
end_of_record
SF:lib/src/base_modules/errors_management/extensible_part/failure_types/firebase_failure_types.dart
DA:8,1
DA:9,1
DA:22,1
DA:23,1
DA:37,1
DA:38,1
DA:51,1
DA:52,1
DA:64,1
DA:65,1
DA:78,1
DA:79,1
DA:91,1
DA:92,1
DA:105,1
DA:106,1
DA:118,1
DA:119,1
DA:131,1
DA:132,1
DA:145,1
DA:146,1
LF:22
LH:22
end_of_record
SF:lib/src/base_modules/errors_management/extensible_part/failure_types/network_failure_types.dart
DA:8,1
DA:9,1
DA:22,1
DA:23,1
DA:36,1
DA:37,1
DA:50,0
DA:51,0
DA:65,0
DA:66,0
LF:10
LH:6
end_of_record
SF:lib/src/base_modules/errors_management/extensible_part/failure_types/misc_failure_types.dart
DA:8,1
DA:9,1
DA:22,1
DA:23,1
DA:35,0
DA:36,0
DA:49,1
DA:50,1
DA:63,1
DA:64,1
LF:10
LH:8
end_of_record
SF:lib/src/base_modules/errors_management/core_of_module/failure_type.dart
DA:16,1
LF:1
LH:1
end_of_record
SF:lib/src/base_modules/errors_management/core_of_module/core_utils/extensions_on_either/either_getters_x.dart
DA:10,7
DA:11,14
DA:12,3
DA:16,7
DA:17,14
DA:18,4
DA:22,0
DA:25,0
DA:28,2
DA:31,1
DA:33,3
DA:34,3
LF:12
LH:10
end_of_record
SF:lib/src/base_modules/errors_management/core_of_module/either.dart
DA:10,14
DA:14,24
DA:17,22
DA:20,11
DA:21,31
DA:22,30
DA:26,1
DA:28,4
DA:29,4
DA:33,1
DA:36,7
DA:39,2
DA:40,6
DA:41,4
DA:45,2
DA:46,8
DA:47,3
DA:51,2
DA:52,6
DA:53,3
DA:68,11
DA:82,10
LF:22
LH:22
end_of_record
SF:lib/src/base_modules/animations/module_core/animation__engine.dart
DA:34,0
LF:1
LH:0
end_of_record
SF:lib/src/base_modules/animations/module_core/fallback_engine.dart
DA:10,0
DA:13,0
DA:17,0
DA:21,0
DA:25,0
DA:29,0
DA:33,0
DA:37,0
LF:8
LH:0
end_of_record
SF:lib/src/base_modules/animations/module_core/animation_base_engine.dart
DA:15,0
DA:17,0
DA:20,0
DA:25,0
DA:27,0
DA:29,0
DA:31,0
DA:33,0
DA:34,0
DA:42,0
DA:44,0
DA:45,0
DA:46,0
DA:51,0
DA:53,0
DA:55,0
DA:56,0
DA:63,0
DA:67,0
DA:69,0
DA:70,0
DA:71,0
LF:22
LH:0
end_of_record
SF:lib/src/base_modules/animations/module_core/engine_configs.dart
DA:13,1
DA:41,1
LF:2
LH:2
end_of_record
SF:lib/src/base_modules/animations/overlays_animation/animation_wrapper/animated_overlay_shell.dart
DA:13,0
DA:22,0
DA:26,0
DA:27,0
DA:28,0
DA:29,0
DA:30,0
DA:31,0
DA:32,0
LF:9
LH:0
end_of_record
SF:lib/src/base_modules/animations/overlays_animation/animation_wrapper/animated_overlay_wrapper.dart
DA:15,0
DA:30,0
DA:31,0
DA:43,0
DA:45,0
DA:48,0
DA:49,0
DA:51,0
DA:52,0
DA:54,0
DA:55,0
DA:62,0
DA:63,0
DA:64,0
DA:65,0
DA:66,0
DA:71,0
DA:75,0
DA:77,0
DA:81,0
DA:83,0
DA:84,0
LF:22
LH:0
end_of_record
SF:lib/src/base_modules/animations/overlays_animation/animation_wrapper/overlay_animation_x_for_widget.dart
DA:14,0
DA:15,0
DA:17,0
DA:18,0
DA:19,0
DA:20,0
LF:6
LH:0
end_of_record
SF:lib/src/base_modules/animations/overlays_animation/engine_mapper_x_on_context.dart
DA:14,0
DA:15,0
DA:18,0
DA:22,0
DA:26,0
DA:27,0
DA:32,0
DA:33,0
DA:36,0
DA:39,0
DA:44,0
LF:11
LH:0
end_of_record
SF:lib/src/base_modules/animations/overlays_animation/overlays_animation_engines/android_animation_engine.dart
DA:13,0
DA:14,0
DA:28,0
DA:31,0
DA:41,0
DA:51,0
DA:64,0
DA:65,0
DA:68,0
DA:69,0
DA:72,0
DA:74,0
DA:77,0
DA:79,0
DA:80,0
DA:82,0
DA:84,0
DA:85,0
DA:86,0
DA:88,0
DA:93,0
DA:94,0
DA:97,0
DA:98,0
DA:101,0
DA:102,0
LF:26
LH:0
end_of_record
SF:lib/src/base_modules/animations/overlays_animation/overlays_animation_engines/ios_animation_engine.dart
DA:13,0
DA:14,0
DA:26,0
DA:30,0
DA:38,0
DA:46,0
DA:54,0
DA:65,0
DA:66,0
DA:69,0
DA:70,0
DA:73,0
DA:75,0
DA:78,0
DA:80,0
DA:81,0
DA:83,0
DA:87,0
DA:88,0
DA:91,0
DA:92,0
LF:21
LH:0
end_of_record
SF:lib/src/base_modules/animations/page_transition.dart
DA:12,0
DA:13,0
DA:16,0
DA:17,0
LF:4
LH:0
end_of_record
SF:lib/src/base_modules/animations/widget_animations/widget_animation_x.dart
DA:13,0
DA:16,0
DA:24,0
DA:28,0
DA:31,0
DA:32,0
DA:37,0
DA:41,0
DA:44,0
DA:45,0
DA:46,0
DA:53,0
DA:57,0
DA:60,0
DA:61,0
DA:62,0
DA:69,0
DA:73,0
DA:76,0
DA:77,0
DA:82,0
DA:86,0
DA:89,0
DA:90,0
DA:95,0
DA:100,0
DA:106,0
DA:108,0
DA:115,0
DA:123,0
DA:126,0
DA:132,0
DA:134,0
DA:135,0
DA:136,0
DA:141,0
DA:143,0
DA:152,0
DA:157,0
DA:163,0
DA:165,0
LF:41
LH:0
end_of_record
SF:lib/src/base_modules/errors_management/extensible_part/exceptions_to_failure_mapping/firebase_exceptions_mapper.dart
DA:11,3
DA:14,2
DA:20,2
DA:26,0
DA:32,0
DA:33,0
DA:36,0
DA:42,0
DA:48,2
DA:54,1
DA:55,1
DA:58,1
DA:59,1
DA:62,0
DA:63,0
DA:66,2
DA:70,2
DA:75,0
LF:18
LH:10
end_of_record
SF:lib/src/base_modules/errors_management/extensible_part/exceptions_to_failure_mapping/platform_exeptions_failures.dart
DA:7,3
DA:13,1
DA:14,1
DA:15,0
DA:16,0
DA:17,1
DA:18,1
DA:20,1
DA:21,1
DA:22,0
DA:23,0
DA:24,0
DA:25,0
DA:30,1
DA:31,1
DA:32,1
DA:33,1
LF:17
LH:11
end_of_record
SF:lib/src/base_modules/errors_management/core_of_module/_errors_handling_entry_point.dart
DA:30,5
DA:32,5
DA:33,3
DA:36,5
DA:38,2
DA:39,2
DA:42,5
DA:44,5
DA:47,10
DA:51,1
DA:52,2
LF:11
LH:11
end_of_record
SF:lib/src/base_modules/errors_management/extensible_part/exceptions_to_failure_mapping/_exceptions_to_failures_mapper_x.dart
DA:10,6
DA:13,11
DA:15,5
DA:19,6
DA:21,1
DA:28,5
DA:29,5
DA:30,1
DA:32,1
DA:34,1
DA:37,1
DA:39,1
DA:42,9
DA:43,1
DA:45,1
DA:49,7
DA:51,2
DA:55,7
DA:57,2
DA:61,7
DA:63,2
DA:67,7
DA:69,2
DA:74,5
DA:75,5
DA:77,2
DA:80,5
DA:81,5
DA:83,5
DA:84,5
DA:86,5
LF:31
LH:31
end_of_record
SF:lib/src/base_modules/errors_management/core_of_module/core_utils/consumable/consumable.dart
DA:11,1
DA:17,1
DA:18,1
DA:19,1
DA:20,1
DA:24,2
DA:27,2
DA:30,2
DA:32,1
DA:34,3
DA:45,2
DA:56,0
DA:57,0
LF:13
LH:11
end_of_record
SF:lib/src/base_modules/errors_management/core_of_module/core_utils/errors_observing/loggers/errors_log_util.dart
DA:13,5
DA:14,20
DA:15,15
DA:19,10
DA:20,40
DA:21,18
DA:25,5
DA:26,5
LF:8
LH:8
end_of_record
SF:lib/src/base_modules/errors_management/core_of_module/core_utils/errors_observing/loggers/failure_logger_x.dart
DA:13,10
DA:14,8
DA:18,3
DA:20,5
DA:25,4
DA:28,1
DA:29,4
LF:7
LH:7
end_of_record
SF:lib/src/base_modules/errors_management/core_of_module/core_utils/errors_observing/result_loggers/async_result_logger.dart
DA:10,1
DA:12,3
DA:17,1
DA:19,1
DA:21,4
DA:27,1
DA:29,4
LF:7
LH:7
end_of_record
SF:lib/src/base_modules/errors_management/core_of_module/core_utils/errors_observing/result_loggers/result_logger_x.dart
DA:17,1
DA:18,3
DA:23,1
DA:24,1
DA:26,4
DA:32,1
DA:33,4
LF:7
LH:7
end_of_record
SF:lib/src/base_modules/errors_management/core_of_module/core_utils/extensions_on_either/either__x.dart
DA:12,2
DA:18,2
DA:19,2
DA:20,2
DA:21,2
DA:23,2
DA:25,6
DA:26,2
DA:33,11
DA:36,10
DA:40,15
DA:44,2
DA:45,8
DA:48,2
DA:53,2
DA:54,2
LF:16
LH:16
end_of_record
SF:lib/src/base_modules/errors_management/core_of_module/core_utils/extensions_on_either/either_async_x.dart
DA:19,1
DA:26,1
DA:27,1
DA:28,1
DA:29,1
DA:31,1
DA:33,3
DA:34,1
DA:40,2
DA:43,1
DA:44,4
DA:47,1
DA:51,3
DA:52,1
DA:56,1
DA:61,3
DA:62,4
DA:67,1
DA:72,3
DA:73,3
DA:78,1
DA:83,4
DA:84,1
DA:89,1
DA:94,1
DA:96,2
DA:97,2
DA:98,1
DA:99,1
LF:29
LH:29
end_of_record
SF:lib/src/base_modules/errors_management/core_of_module/core_utils/extensions_on_either/for_tests_either_x.dart
DA:12,1
DA:15,2
DA:19,3
DA:25,1
DA:28,2
DA:33,4
LF:6
LH:6
end_of_record
SF:lib/src/base_modules/errors_management/core_of_module/core_utils/extensions_on_failure/failure_to_either_x.dart
DA:8,14
LF:1
LH:1
end_of_record
SF:lib/src/base_modules/errors_management/core_of_module/core_utils/result_handler.dart
DA:14,1
DA:24,1
DA:25,5
DA:29,1
DA:30,5
DA:38,5
DA:41,3
DA:44,3
DA:47,3
DA:50,3
DA:57,1
DA:61,2
DA:69,1
DA:70,3
LF:14
LH:14
end_of_record
SF:lib/src/base_modules/errors_management/core_of_module/core_utils/result_handler_async.dart
DA:14,2
DA:24,1
DA:27,5
DA:32,1
DA:35,5
DA:44,1
DA:48,2
DA:56,5
DA:59,3
DA:62,3
DA:69,1
DA:70,3
LF:12
LH:12
end_of_record
SF:lib/src/base_modules/errors_management/core_of_module/failure_entity.dart
DA:13,12
DA:28,4
DA:29,16
DA:32,29
LF:4
LH:4
end_of_record
SF:lib/src/base_modules/errors_management/core_of_module/failure_ui_mapper.dart
DA:15,1
DA:16,3
DA:17,2
DA:21,3
DA:22,2
DA:23,1
DA:25,4
DA:26,0
DA:27,0
DA:30,2
DA:31,4
DA:34,1
DA:36,1
DA:37,2
LF:14
LH:12
end_of_record
SF:lib/src/base_modules/errors_management/extensible_part/failure_extensions/failure_diagnostics_x.dart
DA:15,4
DA:18,12
DA:21,4
DA:24,4
DA:27,0
DA:30,4
DA:33,0
DA:34,0
DA:35,0
DA:38,0
DA:39,0
DA:42,0
DA:43,0
DA:46,4
DA:49,4
DA:52,4
DA:55,0
DA:58,4
DA:61,4
DA:68,2
DA:71,47
DA:74,6
DA:77,44
LF:23
LH:14
end_of_record
SF:lib/src/base_modules/errors_management/extensible_part/failure_extensions/failure_icons_x.dart
DA:11,2
DA:12,2
DA:15,2
DA:17,2
DA:19,2
DA:21,2
DA:23,2
DA:24,2
DA:25,2
DA:27,2
DA:29,2
DA:30,2
DA:32,2
DA:33,2
DA:34,2
DA:36,2
DA:38,2
DA:40,2
DA:42,2
DA:44,2
DA:46,2
DA:48,1
DA:52,0
DA:53,0
LF:24
LH:22
end_of_record
SF:lib/src/base_modules/errors_management/extensible_part/failure_extensions/failure_led_retry_x.dart
DA:9,3
DA:20,1
DA:21,4
LF:3
LH:3
end_of_record
SF:lib/src/base_modules/localization/core_of_module/localization_wrapper.dart
DA:15,0
DA:31,0
DA:32,0
DA:33,0
LF:4
LH:0
end_of_record
SF:lib/src/base_modules/localization/generated/codegen_loader.g.dart
DA:10,1
DA:12,0
DA:14,0
LF:3
LH:1
end_of_record
SF:lib/src/base_modules/localization/module_widgets/language_toggle_button/language_option.dart
DA:54,0
DA:55,0
DA:57,0
DA:65,0
DA:67,0
DA:68,0
DA:69,0
DA:71,0
DA:72,0
DA:73,0
DA:79,0
LF:11
LH:0
end_of_record
SF:lib/src/base_modules/localization/module_widgets/language_toggle_button/toggle_button.dart
DA:13,0
DA:16,0
DA:19,0
DA:21,0
DA:23,0
DA:25,0
DA:26,0
DA:27,0
DA:28,0
DA:29,0
DA:31,0
DA:32,0
DA:35,0
DA:38,0
LF:14
LH:0
end_of_record
SF:lib/src/base_modules/localization/module_widgets/text_widget.dart
DA:16,0
DA:54,0
DA:57,0
DA:58,0
DA:59,0
DA:60,0
DA:63,0
DA:66,0
DA:69,0
DA:71,0
DA:72,0
DA:75,0
DA:76,0
DA:77,0
DA:78,0
DA:79,0
DA:80,0
DA:81,0
DA:82,0
DA:84,0
DA:85,0
DA:86,0
DA:87,0
DA:88,0
DA:90,0
DA:92,0
DA:93,0
DA:106,0
DA:107,0
DA:108,0
DA:109,0
DA:110,0
DA:111,0
DA:112,0
DA:113,0
DA:114,0
DA:115,0
DA:116,0
DA:117,0
DA:118,0
DA:119,0
DA:120,0
DA:121,0
DA:122,0
DA:123,0
DA:124,0
DA:125,0
DA:126,0
DA:127,0
DA:128,0
DA:129,0
DA:130,0
DA:131,0
DA:132,0
DA:133,0
DA:134,0
DA:135,0
DA:136,0
DA:137,0
DA:138,0
DA:139,0
DA:140,0
DA:141,0
DA:142,0
DA:143,0
DA:144,0
DA:150,0
DA:151,0
DA:158,0
DA:159,0
DA:160,0
DA:161,0
LF:72
LH:0
end_of_record
SF:lib/src/base_modules/navigation/utils/extensions/navigation_x_on_context.dart
DA:12,0
DA:17,0
DA:19,0
DA:25,0
DA:26,0
DA:31,0
DA:36,0
DA:38,0
DA:44,0
DA:45,0
DA:50,0
DA:51,0
DA:54,0
DA:55,0
DA:59,0
DA:60,0
DA:61,0
DA:68,0
DA:69,0
DA:73,0
DA:75,0
DA:77,0
LF:22
LH:0
end_of_record
SF:lib/src/base_modules/navigation/utils/extensions/navigation_x_on_failure.dart
DA:13,0
DA:14,0
LF:2
LH:0
end_of_record
SF:lib/src/base_modules/navigation/utils/extensions/result_navigation_x.dart
DA:14,0
DA:15,0
DA:16,0
DA:28,0
DA:32,0
DA:33,0
LF:6
LH:0
end_of_record
SF:lib/src/base_modules/overlays/core/_context_x_for_overlays.dart
DA:19,0
DA:26,0
DA:40,0
DA:41,0
DA:42,0
DA:43,0
DA:50,0
DA:51,0
DA:52,0
DA:55,0
DA:60,0
DA:61,0
DA:62,0
DA:63,0
DA:66,0
DA:69,0
DA:78,0
DA:79,0
DA:81,0
DA:82,0
DA:83,0
DA:84,0
DA:98,0
DA:109,0
DA:126,0
DA:132,0
DA:144,0
DA:150,0
LF:28
LH:0
end_of_record
SF:lib/src/base_modules/overlays/core/_overlay_base_methods.dart
DA:23,0
DA:24,0
DA:28,0
DA:44,0
DA:47,0
DA:48,0
DA:51,0
DA:52,0
DA:60,0
DA:66,0
DA:69,0
DA:73,0
DA:75,0
DA:83,0
DA:89,0
DA:100,0
DA:103,0
DA:104,0
DA:108,0
DA:112,0
DA:115,0
DA:119,0
DA:121,0
DA:129,0
DA:135,0
DA:146,0
DA:149,0
DA:150,0
DA:154,0
DA:158,0
DA:161,0
DA:165,0
DA:167,0
DA:175,0
LF:34
LH:0
end_of_record
SF:lib/src/base_modules/overlays/core/global_overlay_handler.dart
DA:13,0
DA:30,0
DA:33,0
DA:35,0
DA:37,0
DA:40,0
DA:41,0
DA:42,0
DA:43,0
DA:47,0
LF:10
LH:0
end_of_record
SF:lib/src/base_modules/overlays/overlays_dispatcher/policy_resolver.dart
DA:8,0
DA:14,0
DA:18,0
DA:19,0
DA:23,0
DA:26,0
DA:29,0
DA:32,0
DA:33,0
DA:36,0
DA:37,0
DA:40,0
DA:48,0
DA:49,0
DA:55,0
DA:65,0
DA:71,0
DA:81,0
DA:82,0
DA:84,0
DA:100,0
LF:21
LH:0
end_of_record
SF:lib/src/base_modules/overlays/overlays_dispatcher/overlay_dispatcher.dart
DA:23,0
DA:40,0
DA:41,0
DA:46,0
DA:50,0
DA:54,0
DA:55,0
DA:57,0
DA:59,0
DA:61,0
DA:62,0
DA:66,0
DA:67,0
DA:69,0
DA:74,0
DA:76,0
DA:79,0
DA:80,0
DA:81,0
DA:82,0
DA:88,0
DA:94,0
DA:95,0
DA:96,0
DA:97,0
DA:98,0
DA:103,0
DA:104,0
DA:105,0
DA:108,0
DA:109,0
DA:113,0
DA:115,0
DA:118,0
DA:119,0
DA:120,0
DA:121,0
DA:122,0
DA:123,0
DA:124,0
DA:129,0
DA:130,0
DA:131,0
DA:132,0
DA:133,0
DA:135,0
DA:142,0
DA:143,0
DA:145,0
DA:146,0
DA:151,0
DA:152,0
DA:153,0
DA:157,0
DA:158,0
DA:159,0
DA:166,0
DA:170,0
DA:171,0
DA:172,0
DA:173,0
DA:177,0
DA:179,0
DA:180,0
DA:182,0
DA:184,0
DA:185,0
DA:189,0
DA:193,0
DA:194,0
DA:195,0
DA:196,0
DA:197,0
DA:198,0
DA:203,0
LF:75
LH:0
end_of_record
SF:lib/src/base_modules/overlays/overlays_presentation/overlay_presets/overlay_preset_props.dart
DA:16,1
DA:50,0
DA:59,0
DA:60,0
DA:61,0
DA:62,0
DA:63,0
DA:64,0
DA:65,0
DA:66,0
DA:70,0
DA:71,0
DA:72,0
DA:73,0
DA:74,0
DA:75,0
DA:76,0
DA:77,0
DA:78,0
LF:19
LH:1
end_of_record
SF:lib/src/base_modules/overlays/overlays_presentation/overlay_presets/overlay_presets.dart
DA:12,1
DA:19,0
DA:28,0
DA:29,0
DA:57,1
DA:71,0
DA:85,1
DA:99,0
DA:113,0
DA:127,0
DA:141,0
DA:155,0
DA:169,0
DA:183,0
DA:196,0
DA:202,0
DA:203,0
LF:17
LH:3
end_of_record
SF:lib/src/base_modules/overlays/utils/lock_controller.dart
DA:11,0
DA:26,0
DA:33,0
DA:34,0
DA:35,0
DA:37,0
DA:38,0
DA:39,0
DA:40,0
DA:43,0
DA:47,0
DA:48,0
DA:49,0
DA:50,0
DA:51,0
DA:55,0
DA:56,0
DA:57,0
LF:18
LH:0
end_of_record
SF:lib/src/base_modules/overlays/utils/overlay_utils.dart
DA:13,0
DA:14,0
DA:15,0
DA:16,0
DA:17,0
DA:18,0
DA:19,0
LF:7
LH:0
end_of_record
SF:lib/src/base_modules/overlays/utils/overlays_cleaner_within_navigation.dart
DA:13,0
DA:16,0
DA:19,0
DA:22,0
DA:23,0
DA:24,0
DA:28,0
DA:30,0
DA:31,0
DA:35,0
DA:37,0
DA:38,0
DA:42,0
DA:44,0
DA:45,0
DA:49,0
DA:51,0
DA:52,0
LF:18
LH:0
end_of_record
SF:lib/src/base_modules/overlays/utils/ports/overlay_dispatcher_locator.dart
DA:13,0
DA:18,0
DA:23,0
DA:26,0
DA:31,0
DA:35,0
DA:38,0
DA:43,0
LF:8
LH:0
end_of_record
SF:lib/src/base_modules/overlays/utils/show_overlay_after_frame_x_on_context.dart
DA:17,0
DA:18,0
DA:19,0
DA:21,0
DA:22,0
DA:25,0
DA:30,0
DA:41,0
DA:42,0
DA:44,0
DA:45,0
DA:46,0
LF:12
LH:0
end_of_record
SF:lib/src/base_modules/ui_design/module_core/app_theme_preferences.dart
DA:13,0
DA:24,0
DA:27,0
DA:30,0
DA:33,0
DA:34,0
DA:37,0
DA:41,0
DA:42,0
DA:43,0
DA:44,0
DA:49,0
DA:51,0
DA:54,0
DA:55,0
DA:56,0
DA:57,0
DA:59,0
DA:60,0
LF:19
LH:0
end_of_record
SF:lib/src/base_modules/ui_design/module_core/theme_cache_mixin.dart
DA:12,0
DA:15,0
DA:16,0
DA:20,0
DA:22,0
DA:26,0
LF:6
LH:0
end_of_record
SF:lib/src/base_modules/ui_design/module_core/theme__variants.dart
DA:94,0
DA:97,0
LF:2
LH:0
end_of_record
SF:lib/src/base_modules/ui_design/module_core/theme_builder_x.dart
DA:12,0
DA:19,0
DA:22,0
DA:23,0
DA:29,0
DA:34,0
DA:35,0
DA:36,0
DA:37,0
DA:39,0
DA:40,0
DA:41,0
DA:42,0
DA:46,0
DA:49,0
DA:50,0
DA:51,0
DA:57,0
DA:58,0
DA:59,0
DA:60,0
DA:61,0
DA:62,0
DA:63,0
DA:65,0
DA:67,0
DA:68,0
DA:76,0
DA:78,0
DA:79,0
DA:81,0
DA:82,0
DA:88,0
DA:95,0
DA:96,0
DA:105,0
DA:106,0
DA:110,0
DA:111,0
DA:113,0
LF:40
LH:0
end_of_record
SF:lib/src/base_modules/ui_design/text_theme/text_theme_factory.dart
DA:17,0
DA:23,0
DA:26,0
DA:29,0
DA:32,0
DA:33,0
DA:37,0
DA:39,0
DA:40,0
DA:41,0
DA:44,0
DA:45,0
DA:46,0
DA:49,0
DA:50,0
DA:51,0
DA:54,0
DA:55,0
DA:56,0
DA:59,0
DA:60,0
DA:61,0
LF:22
LH:0
end_of_record
SF:lib/src/base_modules/ui_design/text_theme/font_parser.dart
DA:5,0
DA:7,0
DA:8,0
DA:10,0
DA:11,0
LF:5
LH:0
end_of_record
SF:lib/src/base_modules/ui_design/widgets_and_utils/barrier_filter.dart
DA:14,0
DA:18,0
DA:24,0
DA:25,0
DA:26,0
DA:27,0
DA:34,0
DA:35,0
DA:36,0
DA:37,0
DA:47,0
DA:49,0
DA:50,0
DA:51,0
LF:14
LH:0
end_of_record
SF:lib/src/base_modules/ui_design/widgets_and_utils/blur_wrapper.dart
DA:16,0
DA:40,0
DA:43,0
DA:44,0
DA:45,0
DA:47,0
DA:48,0
DA:49,0
DA:50,0
DA:51,0
DA:59,0
DA:61,0
DA:62,0
DA:63,0
DA:69,0
DA:71,0
DA:72,0
DA:73,0
LF:18
LH:0
end_of_record
SF:lib/src/base_modules/ui_design/widgets_and_utils/box_decorations/ios_card_bd.dart
DA:9,0
DA:33,0
DA:39,0
DA:40,0
LF:4
LH:0
end_of_record
SF:lib/src/base_modules/ui_design/widgets_and_utils/box_decorations/android_dialog_bd.dart
DA:9,0
DA:27,0
DA:33,0
DA:34,0
LF:4
LH:0
end_of_record
SF:lib/src/base_modules/ui_design/widgets_and_utils/box_decorations/ios_buttons_bd.dart
DA:8,0
DA:30,0
DA:36,0
DA:37,0
LF:4
LH:0
end_of_record
SF:lib/src/base_modules/ui_design/widgets_and_utils/box_decorations/android_card_bd.dart
DA:9,0
DA:27,0
DA:33,0
DA:34,0
LF:4
LH:0
end_of_record
SF:lib/src/base_modules/ui_design/widgets_and_utils/box_decorations/ios_dialog_bd.dart
DA:9,0
DA:33,0
DA:39,0
DA:40,0
LF:4
LH:0
end_of_record
SF:lib/src/base_modules/ui_design/widgets_and_utils/box_decorations/_box_decorations_factory.dart
DA:21,0
DA:22,0
DA:25,0
DA:26,0
DA:29,0
DA:30,0
DA:33,0
DA:34,0
LF:8
LH:0
end_of_record
SF:lib/src/base_modules/ui_design/widgets_and_utils/extensions/text_style_x.dart
DA:10,0
DA:13,0
DA:16,0
DA:19,0
DA:22,0
DA:25,0
DA:28,0
LF:7
LH:0
end_of_record
SF:lib/src/base_modules/ui_design/widgets_and_utils/extensions/theme_mode_x.dart
DA:10,0
DA:11,0
DA:14,0
DA:17,0
DA:20,0
LF:5
LH:0
end_of_record
SF:lib/src/base_modules/ui_design/widgets_and_utils/extensions/theme_x.dart
DA:10,0
DA:13,0
DA:16,0
DA:19,0
DA:22,0
LF:5
LH:0
end_of_record
SF:lib/src/base_modules/ui_design/widgets_and_utils/theme_props_inherited_w.dart
DA:10,0
DA:29,0
DA:30,0
DA:32,0
DA:34,0
DA:35,0
DA:36,0
LF:7
LH:0
end_of_record
SF:lib/src/base_modules/ui_design/widgets_and_utils/theme_switchers/theme_picker.dart
DA:15,0
DA:34,0
DA:36,0
DA:38,0
DA:39,0
DA:40,0
DA:45,0
DA:46,0
DA:48,0
DA:51,0
DA:52,0
DA:57,0
DA:58,0
DA:60,0
DA:61,0
DA:67,0
DA:74,0
DA:75,0
DA:78,0
DA:81,0
DA:87,0
DA:88,0
DA:91,0
DA:94,0
LF:24
LH:0
end_of_record
SF:lib/src/base_modules/ui_design/widgets_and_utils/theme_switchers/theme_toggler_icon.dart
DA:17,0
DA:29,0
DA:32,0
DA:33,0
DA:36,0
DA:38,0
DA:39,0
DA:42,0
DA:43,0
DA:46,0
DA:51,0
DA:52,0
DA:56,0
LF:13
LH:0
end_of_record
SF:lib/src/shared_data_layer/user_data_transfer_objects/_user_dto.dart
DA:15,0
DA:34,0
DA:35,0
DA:38,0
DA:40,0
LF:5
LH:0
end_of_record
SF:lib/src/shared_data_layer/user_data_transfer_objects/user_dto_factories_x.dart
DA:31,0
DA:33,0
DA:34,0
DA:35,0
DA:36,0
DA:37,0
DA:41,0
DA:45,0
LF:8
LH:0
end_of_record
SF:lib/src/shared_data_layer/user_data_transfer_objects/user_dto_list_x.dart
DA:11,0
LF:1
LH:0
end_of_record
SF:lib/src/shared_data_layer/user_data_transfer_objects/user_dto_x.dart
DA:14,0
DA:15,0
DA:16,0
DA:17,0
DA:18,0
DA:19,0
DA:20,0
DA:24,0
DA:25,0
DA:26,0
DA:27,0
DA:28,0
DA:29,0
DA:33,0
DA:36,0
DA:39,0
LF:16
LH:0
end_of_record
SF:lib/src/shared_domain_layer/shared_entities/_user_entity.dart
DA:14,1
DA:31,0
DA:32,0
DA:35,0
DA:37,0
LF:5
LH:1
end_of_record
SF:lib/src/shared_domain_layer/shared_entities/user_entity_factories_x.dart
DA:10,0
DA:20,0
DA:21,0
DA:22,0
DA:23,0
DA:24,0
DA:25,0
DA:26,0
DA:30,0
DA:31,0
LF:10
LH:0
end_of_record
SF:lib/src/shared_domain_layer/shared_entities/user_entity_x.dart
DA:10,0
DA:11,0
DA:12,0
DA:13,0
DA:14,0
DA:15,0
DA:16,0
DA:20,0
DA:28,0
DA:29,0
DA:30,0
DA:31,0
DA:32,0
DA:33,0
DA:34,0
DA:39,0
DA:42,0
LF:17
LH:0
end_of_record
SF:lib/src/shared_presentation_layer/pages_shared/splash_page.dart
DA:8,0
DA:10,0
LF:2
LH:0
end_of_record
SF:lib/src/shared_presentation_layer/shared_states/submission_state.dart
DA:11,0
DA:13,0
DA:24,0
DA:33,0
DA:42,0
DA:51,0
DA:53,0
DA:54,0
DA:65,0
DA:67,0
DA:68,0
DA:78,0
DA:79,0
DA:80,0
DA:81,0
LF:15
LH:0
end_of_record
SF:lib/src/shared_presentation_layer/side_effects_listeneres/submission_side_effects_config.dart
DA:10,0
DA:64,0
DA:71,0
DA:75,0
DA:76,0
DA:80,0
DA:81,0
DA:84,0
DA:85,0
DA:87,0
DA:88,0
DA:89,0
DA:91,0
DA:93,0
DA:94,0
DA:97,0
DA:99,0
DA:102,0
DA:103,0
DA:106,0
DA:111,0
DA:112,0
DA:114,0
DA:116,0
DA:120,0
DA:121,0
DA:124,0
DA:125,0
DA:126,0
DA:128,0
LF:30
LH:0
end_of_record
SF:lib/src/shared_presentation_layer/spider/app_images_paths.dart
DA:5,0
LF:1
LH:0
end_of_record
SF:lib/src/shared_presentation_layer/widgets_shared/app_bar.dart
DA:13,0
DA:40,0
DA:44,0
DA:45,0
DA:46,0
DA:51,0
DA:52,0
DA:54,0
DA:55,0
DA:56,0
DA:58,0
DA:60,0
DA:61,0
DA:63,0
DA:68,0
DA:69,0
DA:71,0
DA:72,0
DA:73,0
DA:74,0
DA:75,0
DA:76,0
DA:77,0
DA:78,0
DA:81,0
DA:85,0
DA:88,0
LF:27
LH:0
end_of_record
SF:lib/src/shared_presentation_layer/widgets_shared/buttons/filled_button.dart
DA:16,0
DA:35,0
DA:38,0
DA:40,0
DA:42,0
DA:44,0
DA:46,0
DA:50,0
DA:51,0
DA:52,0
DA:54,0
DA:56,0
DA:57,0
DA:59,0
DA:62,0
DA:64,0
DA:65,0
DA:66,0
DA:68,0
DA:69,0
LF:20
LH:0
end_of_record
SF:lib/src/shared_presentation_layer/widgets_shared/buttons/submit_button.dart
DA:16,0
DA:49,0
DA:50,0
DA:70,0
DA:72,0
DA:73,0
DA:74,0
DA:80,0
DA:81,0
DA:82,0
DA:83,0
DA:89,0
DA:92,0
DA:93,0
DA:94,0
DA:97,0
DA:98,0
DA:100,0
DA:103,0
DA:106,0
DA:107,0
DA:110,0
DA:112,0
DA:117,0
DA:124,0
DA:126,0
DA:127,0
LF:27
LH:0
end_of_record
SF:lib/src/shared_presentation_layer/widgets_shared/buttons/text_button.dart
DA:13,0
DA:36,0
DA:39,0
DA:40,0
DA:41,0
DA:42,0
DA:44,0
DA:46,0
DA:47,0
DA:48,0
DA:49,0
DA:50,0
DA:57,0
DA:61,0
DA:66,0
DA:68,0
DA:69,0
DA:70,0
DA:74,0
DA:76,0
DA:79,0
DA:81,0
DA:82,0
DA:84,0
DA:85,0
DA:86,0
DA:87,0
LF:27
LH:0
end_of_record
SF:lib/src/shared_presentation_layer/widgets_shared/divider.dart
DA:12,1
DA:15,0
DA:18,0
DA:20,0
DA:21,0
DA:23,0
LF:6
LH:1
end_of_record
SF:lib/src/shared_presentation_layer/widgets_shared/footer/footer_guard_while_loading.dart
DA:11,0
DA:27,0
DA:31,0
DA:33,0
LF:4
LH:0
end_of_record
SF:lib/src/shared_presentation_layer/widgets_shared/footer/inherited_footer_guard.dart
DA:11,0
DA:22,0
DA:24,0
DA:26,0
DA:31,0
DA:35,0
DA:37,0
DA:38,0
DA:39,0
DA:43,0
DA:45,0
DA:48,0
DA:50,0
DA:51,0
DA:67,0
DA:71,0
LF:16
LH:0
end_of_record
SF:lib/src/shared_presentation_layer/widgets_shared/key_value_text_widget.dart
DA:9,0
DA:31,0
DA:34,0
DA:36,0
DA:41,0
DA:43,0
DA:44,0
DA:45,0
DA:46,0
DA:55,0
DA:56,0
DA:57,0
DA:58,0
LF:13
LH:0
end_of_record
SF:lib/src/shared_presentation_layer/widgets_shared/loader.dart
DA:13,1
DA:51,0
DA:54,0
DA:55,0
DA:56,0
DA:58,0
DA:59,0
DA:61,0
DA:62,0
DA:63,0
DA:64,0
DA:66,0
DA:67,0
DA:68,0
DA:69,0
DA:70,0
DA:71,0
DA:72,0
DA:73,0
DA:74,0
DA:81,0
DA:82,0
DA:83,0
DA:84,0
LF:24
LH:1
end_of_record
SF:lib/src/shared_data_layer/cache_manager/cache_items.dart
DA:8,0
DA:28,0
DA:44,0
DA:46,0
LF:4
LH:0
end_of_record
SF:lib/src/shared_data_layer/cache_manager/cache_manager.dart
DA:15,0
DA:33,0
DA:39,0
DA:40,0
DA:43,0
DA:46,0
DA:49,0
DA:50,0
DA:54,0
DA:57,0
DA:64,0
DA:65,0
DA:68,0
DA:70,0
DA:73,0
DA:79,0
DA:80,0
DA:83,0
DA:86,0
DA:87,0
DA:88,0
DA:92,0
DA:93,0
DA:94,0
DA:98,0
DA:99,0
DA:100,0
DA:101,0
LF:28
LH:0
end_of_record
SF:lib/src/shared_presentation_layer/extensions/context_extensions/media_query_x.dart
DA:10,0
DA:13,0
DA:16,0
DA:19,0
DA:22,0
DA:25,0
DA:28,0
DA:31,0
DA:34,0
LF:9
LH:0
end_of_record
SF:lib/src/shared_presentation_layer/extensions/context_extensions/other_x.dart
DA:10,0
DA:11,0
DA:17,0
DA:18,0
DA:24,0
DA:25,0
DA:28,0
DA:31,0
LF:8
LH:0
end_of_record
SF:lib/src/shared_presentation_layer/extensions/context_extensions/padding_x.dart
DA:9,0
DA:12,0
DA:15,0
DA:16,0
DA:19,0
DA:20,0
LF:6
LH:0
end_of_record
SF:lib/src/shared_presentation_layer/extensions/extension_on_widget/widget_aligning_x.dart
DA:9,0
DA:10,0
DA:13,0
DA:16,0
DA:19,0
DA:22,0
DA:25,0
LF:7
LH:0
end_of_record
SF:lib/src/shared_presentation_layer/extensions/extension_on_widget/widget_border_radius_x.dart
DA:11,0
DA:12,0
LF:2
LH:0
end_of_record
SF:lib/src/shared_presentation_layer/extensions/extension_on_widget/widget_padding_x.dart
DA:10,0
DA:11,0
DA:14,0
DA:15,0
DA:20,0
DA:25,0
DA:26,0
DA:36,0
DA:37,0
DA:42,0
DA:43,0
DA:48,0
DA:49,0
DA:54,0
DA:55,0
DA:60,0
DA:61,0
DA:66,0
DA:67,0
LF:19
LH:0
end_of_record
SF:lib/src/shared_presentation_layer/extensions/extension_on_widget/widget_x.dart
DA:9,0
DA:24,0
LF:2
LH:0
end_of_record
SF:lib/src/shared_presentation_layer/extensions/general_extensions/number_formatting_x.dart
DA:8,0
DA:11,0
DA:12,0
DA:15,0
DA:16,0
DA:17,0
DA:18,0
DA:19,0
DA:20,0
DA:21,0
DA:22,0
DA:25,0
DA:29,0
DA:30,0
LF:14
LH:0
end_of_record
SF:lib/src/shared_presentation_layer/extensions/general_extensions/string_x.dart
DA:7,0
DA:8,0
DA:11,0
DA:12,0
DA:15,0
DA:17,0
DA:18,0
DA:19,0
DA:22,0
DA:23,0
LF:10
LH:0
end_of_record
SF:lib/src/utils_shared/auth/auth_snapshot.dart
DA:7,1
DA:17,1
DA:18,0
DA:29,0
DA:37,0
DA:38,0
DA:39,0
DA:40,0
DA:51,0
DA:55,0
DA:57,0
DA:58,0
DA:67,0
DA:87,0
DA:89,0
DA:90,0
LF:16
LH:2
end_of_record
SF:lib/src/utils_shared/id_generator.dart
DA:14,0
DA:17,0
DA:20,0
DA:23,0
DA:43,0
DA:50,0
DA:51,0
DA:56,0
DA:58,0
DA:60,0
DA:61,0
DA:70,0
DA:75,0
DA:76,0
LF:14
LH:0
end_of_record
SF:lib/src/utils_shared/stream_change_notifier.dart
DA:14,0
DA:15,0
DA:22,0
DA:24,0
DA:25,0
LF:5
LH:0
end_of_record
SF:lib/src/utils_shared/timing_control/verification_poller.dart
DA:9,0
DA:27,0
DA:36,0
DA:42,0
DA:43,0
DA:44,0
DA:45,0
DA:48,0
DA:50,0
DA:52,0
DA:53,0
DA:54,0
DA:59,0
DA:62,0
DA:66,0
DA:67,0
DA:74,0
DA:75,0
DA:76,0
LF:19
LH:0
end_of_record
SF:lib/src/utils_shared/timing_control/timing_config.dart
DA:8,0
LF:1
LH:0
end_of_record
SF:lib/src/base_modules/overlays/core/platform_mapper.dart
DA:23,0
DA:38,0
DA:51,0
DA:64,0
DA:83,0
DA:92,0
DA:99,0
DA:106,0
DA:119,0
DA:128,0
DA:135,0
DA:142,0
LF:12
LH:0
end_of_record
SF:lib/src/base_modules/overlays/overlays_dispatcher/overlay_entries/_overlay_entries_registry.dart
DA:26,0
DA:27,0
DA:38,0
DA:44,0
DA:58,0
DA:77,0
LF:6
LH:0
end_of_record
SF:lib/src/base_modules/overlays/overlays_dispatcher/overlay_entries/snackbar_overlay_entry.dart
DA:14,0
DA:31,0
DA:32,0
DA:33,0
DA:34,0
DA:35,0
DA:36,0
DA:37,0
DA:38,0
DA:40,0
DA:44,0
DA:48,0
DA:49,0
DA:51,0
LF:14
LH:0
end_of_record
SF:lib/src/base_modules/overlays/overlays_dispatcher/overlay_entries/banner_overlay_entry.dart
DA:11,0
DA:35,0
DA:36,0
DA:37,0
DA:38,0
DA:39,0
DA:40,0
DA:41,0
DA:42,0
DA:44,0
DA:48,0
DA:52,0
DA:53,0
DA:56,0
LF:14
LH:0
end_of_record
SF:lib/src/base_modules/overlays/overlays_dispatcher/overlay_entries/dialog_overlay_entry.dart
DA:11,0
DA:27,0
DA:28,0
DA:29,0
DA:30,0
DA:31,0
DA:32,0
DA:33,0
DA:34,0
DA:36,0
DA:40,0
DA:42,0
DA:45,0
LF:13
LH:0
end_of_record
SF:lib/src/base_modules/overlays/overlays_presentation/widgets/android/android_banner.dart
DA:24,0
DA:41,0
DA:44,0
DA:46,0
DA:48,0
DA:49,0
DA:51,0
DA:52,0
DA:53,0
DA:56,0
DA:58,0
DA:61,0
DA:62,0
DA:64,0
DA:65,0
DA:66,0
LF:16
LH:0
end_of_record
SF:lib/src/base_modules/overlays/overlays_presentation/widgets/android/android_dialog.dart
DA:29,0
DA:56,0
DA:61,0
DA:63,0
DA:64,0
DA:65,0
DA:68,0
DA:69,0
DA:70,0
DA:72,0
DA:73,0
DA:75,0
DA:78,0
DA:79,0
DA:80,0
DA:81,0
DA:84,0
DA:85,0
DA:87,0
DA:88,0
DA:92,0
DA:93,0
DA:95,0
DA:96,0
DA:98,0
DA:103,0
DA:104,0
DA:118,0
DA:120,0
DA:121,0
DA:122,0
DA:123,0
DA:125,0
DA:127,0
DA:133,0
DA:134,0
DA:135,0
DA:137,0
DA:139,0
DA:144,0
DA:145,0
DA:147,0
DA:149,0
DA:155,0
DA:169,0
DA:173,0
DA:174,0
DA:175,0
DA:176,0
DA:177,0
DA:180,0
DA:182,0
DA:184,0
DA:206,0
DA:219,0
DA:222,0
DA:224,0
DA:225,0
DA:226,0
DA:232,0
LF:60
LH:0
end_of_record
SF:lib/src/base_modules/overlays/overlays_presentation/widgets/android/android_snackbar.dart
DA:20,0
DA:35,0
DA:38,0
DA:40,0
DA:42,0
DA:44,0
DA:46,0
DA:47,0
DA:48,0
DA:49,0
DA:50,0
DA:56,0
DA:57,0
DA:58,0
DA:59,0
DA:61,0
DA:63,0
DA:64,0
DA:65,0
LF:19
LH:0
end_of_record
SF:lib/src/base_modules/overlays/overlays_presentation/widgets/ios/ios_banner.dart
DA:36,0
DA:50,0
DA:53,0
DA:56,0
DA:58,0
DA:59,0
DA:60,0
DA:62,0
DA:67,0
DA:68,0
DA:70,0
DA:71,0
DA:73,0
DA:77,0
LF:14
LH:0
end_of_record
SF:lib/src/base_modules/overlays/overlays_presentation/widgets/ios/ios_dialog.dart
DA:26,0
DA:53,0
DA:58,0
DA:60,0
DA:61,0
DA:62,0
DA:64,0
DA:65,0
DA:66,0
DA:67,0
DA:68,0
DA:73,0
DA:76,0
DA:77,0
DA:79,0
DA:80,0
DA:81,0
DA:83,0
DA:89,0
DA:91,0
DA:92,0
DA:98,0
DA:100,0
DA:101,0
DA:102,0
DA:103,0
DA:107,0
DA:108,0
DA:110,0
DA:114,0
DA:115,0
DA:116,0
DA:119,0
DA:120,0
DA:122,0
DA:125,0
DA:126,0
DA:130,0
DA:131,0
DA:133,0
DA:145,0
DA:149,0
DA:150,0
DA:151,0
DA:152,0
DA:153,0
DA:156,0
DA:158,0
DA:160,0
LF:49
LH:0
end_of_record
SF:lib/src/base_modules/overlays/overlays_presentation/widgets/ios/ios_snackbar.dart
DA:22,0
DA:37,0
DA:40,0
DA:42,0
DA:44,0
DA:45,0
DA:47,0
DA:48,0
DA:49,0
DA:51,0
DA:52,0
DA:55,0
DA:57,0
DA:58,0
DA:59,0
DA:60,0
DA:61,0
DA:62,0
LF:18
LH:0
end_of_record
SF:lib/src/base_modules/overlays/core/tap_through_overlay_barrier.dart
DA:10,0
DA:28,0
DA:31,0
DA:33,0
DA:34,0
DA:35,0
DA:38,0
DA:39,0
DA:41,0
LF:9
LH:0
end_of_record
SF:lib/src/base_modules/overlays/utils/overlay_logger.dart
DA:11,0
DA:12,0
DA:13,0
DA:14,0
DA:16,0
DA:17,0
DA:18,0
DA:19,0
DA:24,0
DA:25,0
DA:26,0
DA:27,0
DA:29,0
DA:30,0
DA:31,0
DA:36,0
DA:37,0
DA:38,0
DA:39,0
DA:41,0
DA:42,0
DA:43,0
DA:48,0
DA:49,0
DA:53,0
DA:54,0
DA:58,0
DA:59,0
DA:63,0
DA:64,0
DA:68,0
DA:73,0
DA:74,0
DA:75,0
DA:82,0
DA:83,0
DA:84,0
DA:85,0
DA:87,0
DA:88,0
DA:89,0
DA:96,0
DA:102,0
DA:104,0
DA:107,0
DA:108,0
DA:109,0
LF:47
LH:0
end_of_record
SF:lib/src/utils_shared/timing_control/debouncer.dart
DA:8,0
DA:17,0
DA:18,0
DA:19,0
DA:23,0
LF:5
LH:0
end_of_record
SF:lib/src/utils_shared/timing_control/duration_x.dart
DA:8,0
DA:9,0
DA:10,0
DA:11,0
DA:15,0
DA:16,0
DA:17,0
DA:18,0
DA:19,0
DA:23,0
DA:24,0
DA:25,0
DA:26,0
DA:27,0
DA:28,0
DA:29,0
LF:16
LH:0
end_of_record
SF:lib/src/utils_shared/timing_control/throttler.dart
DA:10,0
DA:20,0
DA:21,0
DA:23,0
DA:24,0
DA:26,0
DA:30,0
LF:7
LH:0
end_of_record
